<?xml version="1.0" encoding="UTF-8"?>
<!-- Generated by org.testng.reporters.JUnitXMLReporter -->
<testsuite hostname="GuanYanran-S3" ignored="0" name="Default test" tests="27" failures="0" timestamp="04 Dec 2017 17:37:50 GMT" time="277.863" errors="0">
  <testcase name="ClerkLogin" time="0.536" classname="test.selenium.UseCaseDependencies"/>
  <testcase name="ClerkCreateNewCourse" time="1.745" classname="test.selenium.UseCaseDependencies"/>
  <testcase name="ClerkCreateNewStudent" time="1.184" classname="test.selenium.UseCaseDependencies"/>
  <testcase name="ClerkDeleteNewCourse" time="1.223" classname="test.selenium.UseCaseDependencies"/>
  <testcase name="ClerkDeleteNewStudent" time="1.107" classname="test.selenium.UseCaseDependencies"/>
  <testcase name="ClerkLogout" time="0.472" classname="test.selenium.UseCaseDependencies"/>
  <testcase name="StudentALogin" time="0.519" classname="test.selenium.UseCaseDependencies"/>
  <testcase name="StudentASelectCourses" time="2.099" classname="test.selenium.UseCaseDependencies"/>
  <testcase name="StudentALogout" time="0.428" classname="test.selenium.UseCaseDependencies"/>
  <testcase name="StudentBLogin" time="0.5" classname="test.selenium.UseCaseDependencies"/>
  <testcase name="StudentBSelectCourses" time="2.013" classname="test.selenium.UseCaseDependencies"/>
  <testcase name="StudentBLogout" time="0.388" classname="test.selenium.UseCaseDependencies"/>
  <testcase name="WaitTilRegistrationStarts" time="20.007" classname="test.selenium.UseCaseDependencies"/>
  <testcase name="StudentALoginAgain" time="0.769" classname="test.selenium.UseCaseDependencies"/>
  <testcase name="StudentARegisterforCourses" time="2.17" classname="test.selenium.UseCaseDependencies"/>
  <testcase name="StudentADeregisterforCourseB" time="0.675" classname="test.selenium.UseCaseDependencies"/>
  <testcase name="StudentADropCourseE" time="0.736" classname="test.selenium.UseCaseDependencies"/>
  <testcase name="StudentALogoutAgain" time="0.428" classname="test.selenium.UseCaseDependencies"/>
  <testcase name="StudentBLoginAgain" time="0.516" classname="test.selenium.UseCaseDependencies"/>
  <testcase name="StudentBRegisterforCourses" time="2.176" classname="test.selenium.UseCaseDependencies"/>
  <testcase name="WaitTilRegistrationEnds" time="20.008" classname="test.selenium.UseCaseDependencies"/>
  <testcase name="StudentBDropCourses" time="1.599" classname="test.selenium.UseCaseDependencies"/>
  <testcase name="StudentBLogoutAgain" time="0.428" classname="test.selenium.UseCaseDependencies"/>
  <testcase name="ClerkLoginAgain" time="0.506" classname="test.selenium.UseCaseDependencies"/>
  <testcase name="ClerkCancelCourseD" time="1.389" classname="test.selenium.UseCaseDependencies"/>
  <testcase name="WaitTilTermEnds" time="200.002" classname="test.selenium.UseCaseDependencies"/>
  <testcase name="ClerkViewDeansList" time="10.655" classname="test.selenium.UseCaseDependencies"/>
</testsuite> <!-- Default test -->
